{"/Users/vitaliy/Documents/GitHub/Team-Managment/src/app.ts": {"path":"/Users/vitaliy/Documents/GitHub/Team-Managment/src/app.ts","statementMap":{"0":{"start":{"line":1,"column":0},"end":{"line":1,"column":68}},"1":{"start":{"line":2,"column":0},"end":{"line":2,"column":32}},"2":{"start":{"line":3,"column":0},"end":{"line":3,"column":45}},"3":{"start":{"line":4,"column":0},"end":{"line":4,"column":23}},"4":{"start":{"line":6,"column":0},"end":{"line":6,"column":43}},"5":{"start":{"line":7,"column":0},"end":{"line":7,"column":43}},"6":{"start":{"line":9,"column":25},"end":{"line":9,"column":34}},"7":{"start":{"line":10,"column":18},"end":{"line":10,"column":42}},"8":{"start":{"line":12,"column":0},"end":{"line":12,"column":62}},"9":{"start":{"line":13,"column":0},"end":{"line":13,"column":49}},"10":{"start":{"line":14,"column":0},"end":{"line":14,"column":24}},"11":{"start":{"line":16,"column":0},"end":{"line":16,"column":29}},"12":{"start":{"line":17,"column":0},"end":{"line":17,"column":29}},"13":{"start":{"line":20,"column":42},"end":{"line":22,"column":1}},"14":{"start":{"line":21,"column":2},"end":{"line":21,"column":75}},"15":{"start":{"line":23,"column":0},"end":{"line":23,"column":22}},"16":{"start":{"line":25,"column":0},"end":{"line":29,"column":null}},"17":{"start":{"line":26,"column":2},"end":{"line":28,"column":5}},"18":{"start":{"line":27,"column":4},"end":{"line":27,"column":57}},"19":{"start":{"line":31,"column":0},"end":{"line":31,"column":19}}},"fnMap":{"0":{"name":"(anonymous_1)","decl":{"start":{"line":20,"column":42},"end":{"line":20,"column":43}},"loc":{"start":{"line":20,"column":66},"end":{"line":22,"column":1}}},"1":{"name":"(anonymous_2)","decl":{"start":{"line":26,"column":19},"end":{"line":26,"column":22}},"loc":{"start":{"line":26,"column":24},"end":{"line":28,"column":3}}}},"branchMap":{"0":{"loc":{"start":{"line":10,"column":18},"end":{"line":10,"column":42}},"type":"binary-expr","locations":[{"start":{"line":10,"column":18},"end":{"line":10,"column":22}},{"start":{"line":10,"column":26},"end":{"line":10,"column":42}}]},"1":{"loc":{"start":{"line":21,"column":13},"end":{"line":21,"column":30}},"type":"binary-expr","locations":[{"start":{"line":21,"column":13},"end":{"line":21,"column":23}},{"start":{"line":21,"column":27},"end":{"line":21,"column":30}}]},"2":{"loc":{"start":{"line":21,"column":55},"end":{"line":21,"column":72}},"type":"binary-expr","locations":[{"start":{"line":21,"column":55},"end":{"line":21,"column":65}},{"start":{"line":21,"column":69},"end":{"line":21,"column":72}}]},"3":{"loc":{"start":{"line":25,"column":0},"end":{"line":29,"column":null}},"type":"if","locations":[{"start":{"line":25,"column":0},"end":{"line":29,"column":null}}]}},"s":{"0":2,"1":2,"2":2,"3":2,"4":2,"5":2,"6":2,"7":2,"8":2,"9":2,"10":2,"11":2,"12":2,"13":2,"14":0,"15":2,"16":2,"17":0,"18":0,"19":2},"f":{"0":0,"1":0},"b":{"0":[2,0],"1":[0,0],"2":[0,0],"3":[0]}}
,"/Users/vitaliy/Documents/GitHub/Team-Managment/src/constants/Roles.ts": {"path":"/Users/vitaliy/Documents/GitHub/Team-Managment/src/constants/Roles.ts","statementMap":{"0":{"start":{"line":1,"column":0},"end":{"line":1,"column":43}}},"fnMap":{},"branchMap":{},"s":{"0":2},"f":{},"b":{}}
,"/Users/vitaliy/Documents/GitHub/Team-Managment/src/controllers/authControler.ts": {"path":"/Users/vitaliy/Documents/GitHub/Team-Managment/src/controllers/authControler.ts","statementMap":{"0":{"start":{"line":2,"column":0},"end":{"line":2,"column":28}},"1":{"start":{"line":3,"column":0},"end":{"line":3,"column":53}},"2":{"start":{"line":4,"column":0},"end":{"line":4,"column":49}},"3":{"start":{"line":5,"column":0},"end":{"line":5,"column":46}},"4":{"start":{"line":6,"column":0},"end":{"line":6,"column":50}},"5":{"start":{"line":7,"column":0},"end":{"line":7,"column":55}},"6":{"start":{"line":8,"column":0},"end":{"line":8,"column":23}},"7":{"start":{"line":10,"column":13},"end":{"line":33,"column":2}},"8":{"start":{"line":12,"column":32},"end":{"line":12,"column":40}},"9":{"start":{"line":13,"column":36},"end":{"line":13,"column":55}},"10":{"start":{"line":14,"column":25},"end":{"line":14,"column":56}},"11":{"start":{"line":15,"column":44},"end":{"line":17,"column":6}},"12":{"start":{"line":18,"column":4},"end":{"line":24,"column":null}},"13":{"start":{"line":19,"column":6},"end":{"line":23,"column":10}},"14":{"start":{"line":26,"column":32},"end":{"line":29,"column":6}},"15":{"start":{"line":31,"column":4},"end":{"line":31,"column":79}},"16":{"start":{"line":35,"column":13},"end":{"line":72,"column":2}},"17":{"start":{"line":37,"column":32},"end":{"line":37,"column":40}},"18":{"start":{"line":39,"column":37},"end":{"line":39,"column":41}},"19":{"start":{"line":40,"column":4},"end":{"line":44,"column":null}},"20":{"start":{"line":41,"column":6},"end":{"line":41,"column":64}},"21":{"start":{"line":43,"column":6},"end":{"line":43,"column":53}},"22":{"start":{"line":46,"column":4},"end":{"line":49,"column":76}},"23":{"start":{"line":47,"column":6},"end":{"line":49,"column":76}},"24":{"start":{"line":51,"column":37},"end":{"line":53,"column":null}},"25":{"start":{"line":56,"column":4},"end":{"line":59,"column":76}},"26":{"start":{"line":57,"column":6},"end":{"line":59,"column":76}},"27":{"start":{"line":61,"column":30},"end":{"line":61,"column":53}},"28":{"start":{"line":62,"column":32},"end":{"line":62,"column":48}},"29":{"start":{"line":63,"column":18},"end":{"line":65,"column":6}},"30":{"start":{"line":67,"column":4},"end":{"line":70,"column":7}}},"fnMap":{"0":{"name":"(anonymous_7)","decl":{"start":{"line":11,"column":2},"end":{"line":11,"column":7}},"loc":{"start":{"line":11,"column":60},"end":{"line":32,"column":3}}},"1":{"name":"(anonymous_8)","decl":{"start":{"line":36,"column":2},"end":{"line":36,"column":7}},"loc":{"start":{"line":36,"column":60},"end":{"line":71,"column":3}}}},"branchMap":{"0":{"loc":{"start":{"line":18,"column":4},"end":{"line":24,"column":null}},"type":"if","locations":[{"start":{"line":18,"column":4},"end":{"line":24,"column":null}}]},"1":{"loc":{"start":{"line":40,"column":4},"end":{"line":44,"column":null}},"type":"if","locations":[{"start":{"line":40,"column":4},"end":{"line":44,"column":null}},{"start":{"line":42,"column":11},"end":{"line":44,"column":null}}]},"2":{"loc":{"start":{"line":46,"column":4},"end":{"line":49,"column":76}},"type":"if","locations":[{"start":{"line":46,"column":4},"end":{"line":49,"column":76}}]},"3":{"loc":{"start":{"line":56,"column":4},"end":{"line":59,"column":76}},"type":"if","locations":[{"start":{"line":56,"column":4},"end":{"line":59,"column":76}}]}},"s":{"0":2,"1":2,"2":2,"3":2,"4":2,"5":2,"6":2,"7":2,"8":5,"9":5,"10":5,"11":5,"12":0,"13":0,"14":0,"15":0,"16":2,"17":1,"18":1,"19":1,"20":1,"21":0,"22":0,"23":0,"24":0,"25":0,"26":0,"27":0,"28":0,"29":0,"30":0},"f":{"0":5,"1":1},"b":{"0":[0],"1":[1,0],"2":[0],"3":[0]}}
,"/Users/vitaliy/Documents/GitHub/Team-Managment/src/controllers/teamController.ts": {"path":"/Users/vitaliy/Documents/GitHub/Team-Managment/src/controllers/teamController.ts","statementMap":{"0":{"start":{"line":2,"column":0},"end":{"line":2,"column":49}},"1":{"start":{"line":3,"column":0},"end":{"line":3,"column":70}},"2":{"start":{"line":4,"column":0},"end":{"line":4,"column":53}},"3":{"start":{"line":5,"column":0},"end":{"line":5,"column":46}},"4":{"start":{"line":7,"column":13},"end":{"line":15,"column":2}},"5":{"start":{"line":9,"column":21},"end":{"line":9,"column":24}},"6":{"start":{"line":10,"column":40},"end":{"line":12,"column":6}},"7":{"start":{"line":13,"column":4},"end":{"line":13,"column":66}},"8":{"start":{"line":17,"column":13},"end":{"line":29,"column":2}},"9":{"start":{"line":19,"column":21},"end":{"line":19,"column":24}},"10":{"start":{"line":20,"column":22},"end":{"line":20,"column":30}},"11":{"start":{"line":22,"column":33},"end":{"line":25,"column":6}},"12":{"start":{"line":27,"column":4},"end":{"line":27,"column":78}},"13":{"start":{"line":31,"column":13},"end":{"line":57,"column":2}},"14":{"start":{"line":33,"column":28},"end":{"line":33,"column":36}},"15":{"start":{"line":35,"column":45},"end":{"line":35,"column":47}},"16":{"start":{"line":36,"column":4},"end":{"line":40,"column":40}},"17":{"start":{"line":37,"column":6},"end":{"line":39,"column":9}},"18":{"start":{"line":38,"column":8},"end":{"line":38,"column":38}},"19":{"start":{"line":40,"column":11},"end":{"line":40,"column":40}},"20":{"start":{"line":42,"column":4},"end":{"line":50,"column":null}},"21":{"start":{"line":43,"column":46},"end":{"line":43,"column":74}},"22":{"start":{"line":44,"column":6},"end":{"line":48,"column":17}},"23":{"start":{"line":46,"column":55},"end":{"line":46,"column":75}},"24":{"start":{"line":48,"column":8},"end":{"line":48,"column":17}},"25":{"start":{"line":49,"column":6},"end":{"line":49,"column":30}},"26":{"start":{"line":51,"column":4},"end":{"line":51,"column":16}},"27":{"start":{"line":53,"column":4},"end":{"line":55,"column":7}},"28":{"start":{"line":59,"column":13},"end":{"line":87,"column":2}},"29":{"start":{"line":61,"column":21},"end":{"line":61,"column":24}},"30":{"start":{"line":62,"column":31},"end":{"line":62,"column":39}},"31":{"start":{"line":64,"column":4},"end":{"line":67,"column":75}},"32":{"start":{"line":65,"column":6},"end":{"line":67,"column":75}},"33":{"start":{"line":69,"column":31},"end":{"line":69,"column":36}},"34":{"start":{"line":70,"column":4},"end":{"line":76,"column":null}},"35":{"start":{"line":71,"column":6},"end":{"line":75,"column":null}},"36":{"start":{"line":72,"column":22},"end":{"line":72,"column":50}},"37":{"start":{"line":73,"column":8},"end":{"line":73,"column":38}},"38":{"start":{"line":74,"column":8},"end":{"line":74,"column":27}},"39":{"start":{"line":77,"column":4},"end":{"line":80,"column":77}},"40":{"start":{"line":78,"column":6},"end":{"line":80,"column":77}},"41":{"start":{"line":82,"column":4},"end":{"line":82,"column":16}},"42":{"start":{"line":83,"column":4},"end":{"line":85,"column":7}},"43":{"start":{"line":89,"column":13},"end":{"line":97,"column":2}},"44":{"start":{"line":91,"column":21},"end":{"line":91,"column":29}},"45":{"start":{"line":92,"column":4},"end":{"line":92,"column":18}},"46":{"start":{"line":93,"column":4},"end":{"line":95,"column":7}},"47":{"start":{"line":99,"column":13},"end":{"line":115,"column":2}},"48":{"start":{"line":101,"column":31},"end":{"line":101,"column":39}},"49":{"start":{"line":102,"column":36},"end":{"line":103,"column":null}},"50":{"start":{"line":103,"column":38},"end":{"line":103,"column":62}},"51":{"start":{"line":105,"column":4},"end":{"line":108,"column":77}},"52":{"start":{"line":106,"column":6},"end":{"line":108,"column":77}},"53":{"start":{"line":109,"column":4},"end":{"line":109,"column":28}},"54":{"start":{"line":110,"column":4},"end":{"line":110,"column":16}},"55":{"start":{"line":111,"column":4},"end":{"line":113,"column":7}}},"fnMap":{"0":{"name":"(anonymous_0)","decl":{"start":{"line":8,"column":2},"end":{"line":8,"column":7}},"loc":{"start":{"line":8,"column":60},"end":{"line":14,"column":3}}},"1":{"name":"(anonymous_1)","decl":{"start":{"line":18,"column":2},"end":{"line":18,"column":7}},"loc":{"start":{"line":18,"column":60},"end":{"line":28,"column":3}}},"2":{"name":"(anonymous_2)","decl":{"start":{"line":32,"column":2},"end":{"line":32,"column":7}},"loc":{"start":{"line":32,"column":60},"end":{"line":56,"column":3}}},"3":{"name":"(anonymous_3)","decl":{"start":{"line":37,"column":20},"end":{"line":37,"column":21}},"loc":{"start":{"line":37,"column":29},"end":{"line":39,"column":7}}},"4":{"name":"(anonymous_4)","decl":{"start":{"line":46,"column":26},"end":{"line":46,"column":27}},"loc":{"start":{"line":46,"column":55},"end":{"line":46,"column":75}}},"5":{"name":"(anonymous_5)","decl":{"start":{"line":60,"column":2},"end":{"line":60,"column":7}},"loc":{"start":{"line":60,"column":60},"end":{"line":86,"column":3}}},"6":{"name":"(anonymous_6)","decl":{"start":{"line":90,"column":2},"end":{"line":90,"column":7}},"loc":{"start":{"line":90,"column":60},"end":{"line":96,"column":3}}},"7":{"name":"(anonymous_7)","decl":{"start":{"line":100,"column":2},"end":{"line":100,"column":7}},"loc":{"start":{"line":100,"column":60},"end":{"line":114,"column":3}}},"8":{"name":"(anonymous_8)","decl":{"start":{"line":103,"column":6},"end":{"line":103,"column":7}},"loc":{"start":{"line":103,"column":38},"end":{"line":103,"column":62}}}},"branchMap":{"0":{"loc":{"start":{"line":36,"column":4},"end":{"line":40,"column":40}},"type":"if","locations":[{"start":{"line":36,"column":4},"end":{"line":40,"column":40}},{"start":{"line":40,"column":11},"end":{"line":40,"column":40}}]},"1":{"loc":{"start":{"line":44,"column":6},"end":{"line":48,"column":17}},"type":"if","locations":[{"start":{"line":44,"column":6},"end":{"line":48,"column":17}}]},"2":{"loc":{"start":{"line":45,"column":8},"end":{"line":46,"column":76}},"type":"binary-expr","locations":[{"start":{"line":45,"column":8},"end":{"line":45,"column":18}},{"start":{"line":46,"column":8},"end":{"line":46,"column":76}}]},"3":{"loc":{"start":{"line":64,"column":4},"end":{"line":67,"column":75}},"type":"if","locations":[{"start":{"line":64,"column":4},"end":{"line":67,"column":75}}]},"4":{"loc":{"start":{"line":71,"column":6},"end":{"line":75,"column":null}},"type":"if","locations":[{"start":{"line":71,"column":6},"end":{"line":75,"column":null}}]},"5":{"loc":{"start":{"line":77,"column":4},"end":{"line":80,"column":77}},"type":"if","locations":[{"start":{"line":77,"column":4},"end":{"line":80,"column":77}}]},"6":{"loc":{"start":{"line":105,"column":4},"end":{"line":108,"column":77}},"type":"if","locations":[{"start":{"line":105,"column":4},"end":{"line":108,"column":77}}]}},"s":{"0":2,"1":2,"2":2,"3":2,"4":2,"5":0,"6":0,"7":0,"8":2,"9":0,"10":0,"11":0,"12":0,"13":2,"14":0,"15":0,"16":0,"17":0,"18":0,"19":0,"20":0,"21":0,"22":0,"23":0,"24":0,"25":0,"26":0,"27":0,"28":2,"29":0,"30":0,"31":0,"32":0,"33":0,"34":0,"35":0,"36":0,"37":0,"38":0,"39":0,"40":0,"41":0,"42":0,"43":2,"44":0,"45":0,"46":0,"47":2,"48":0,"49":0,"50":0,"51":0,"52":0,"53":0,"54":0,"55":0},"f":{"0":0,"1":0,"2":0,"3":0,"4":0,"5":0,"6":0,"7":0,"8":0},"b":{"0":[0,0],"1":[0],"2":[0,0],"3":[0],"4":[0],"5":[0],"6":[0]}}
,"/Users/vitaliy/Documents/GitHub/Team-Managment/src/errors/ApiError.ts": {"path":"/Users/vitaliy/Documents/GitHub/Team-Managment/src/errors/ApiError.ts","statementMap":{"0":{"start":{"line":14,"column":10},"end":{"line":33,"column":4}},"1":{"start":{"line":15,"column":4},"end":{"line":32,"column":null}},"2":{"start":{"line":17,"column":8},"end":{"line":17,"column":35}},"3":{"start":{"line":19,"column":8},"end":{"line":19,"column":36}},"4":{"start":{"line":21,"column":8},"end":{"line":21,"column":33}},"5":{"start":{"line":23,"column":8},"end":{"line":23,"column":33}},"6":{"start":{"line":25,"column":8},"end":{"line":25,"column":41}},"7":{"start":{"line":27,"column":8},"end":{"line":27,"column":32}},"8":{"start":{"line":29,"column":8},"end":{"line":29,"column":39}},"9":{"start":{"line":31,"column":8},"end":{"line":31,"column":38}},"10":{"start":{"line":35,"column":10},"end":{"line":54,"column":4}},"11":{"start":{"line":36,"column":4},"end":{"line":53,"column":null}},"12":{"start":{"line":38,"column":8},"end":{"line":38,"column":38}},"13":{"start":{"line":40,"column":8},"end":{"line":40,"column":30}},"14":{"start":{"line":42,"column":8},"end":{"line":42,"column":27}},"15":{"start":{"line":44,"column":8},"end":{"line":44,"column":27}},"16":{"start":{"line":46,"column":8},"end":{"line":46,"column":36}},"17":{"start":{"line":48,"column":8},"end":{"line":48,"column":26}},"18":{"start":{"line":50,"column":8},"end":{"line":50,"column":39}},"19":{"start":{"line":52,"column":8},"end":{"line":52,"column":39}},"20":{"start":{"line":8,"column":4},"end":{"line":8,"column":50}},"21":{"start":{"line":9,"column":4},"end":{"line":9,"column":25}},"22":{"start":{"line":10,"column":4},"end":{"line":10,"column":45}},"23":{"start":{"line":11,"column":4},"end":{"line":11,"column":54}},"24":{"start":{"line":1,"column":0},"end":{"line":1,"column":13}}},"fnMap":{"0":{"name":"(anonymous_0)","decl":{"start":{"line":7,"column":2},"end":{"line":7,"column":14}},"loc":{"start":{"line":7,"column":73},"end":{"line":12,"column":3}}},"1":{"name":"(anonymous_1)","decl":{"start":{"line":14,"column":20},"end":{"line":14,"column":21}},"loc":{"start":{"line":14,"column":39},"end":{"line":33,"column":3}}},"2":{"name":"(anonymous_2)","decl":{"start":{"line":35,"column":23},"end":{"line":35,"column":24}},"loc":{"start":{"line":35,"column":42},"end":{"line":54,"column":3}}}},"branchMap":{"0":{"loc":{"start":{"line":15,"column":4},"end":{"line":32,"column":null}},"type":"switch","locations":[{"start":{"line":16,"column":6},"end":{"line":17,"column":35}},{"start":{"line":18,"column":6},"end":{"line":19,"column":36}},{"start":{"line":20,"column":6},"end":{"line":21,"column":33}},{"start":{"line":22,"column":6},"end":{"line":23,"column":33}},{"start":{"line":24,"column":6},"end":{"line":25,"column":41}},{"start":{"line":26,"column":6},"end":{"line":27,"column":32}},{"start":{"line":28,"column":6},"end":{"line":29,"column":39}},{"start":{"line":30,"column":6},"end":{"line":31,"column":38}}]},"1":{"loc":{"start":{"line":36,"column":4},"end":{"line":53,"column":null}},"type":"switch","locations":[{"start":{"line":37,"column":6},"end":{"line":38,"column":38}},{"start":{"line":39,"column":6},"end":{"line":40,"column":30}},{"start":{"line":41,"column":6},"end":{"line":42,"column":27}},{"start":{"line":43,"column":6},"end":{"line":44,"column":27}},{"start":{"line":45,"column":6},"end":{"line":46,"column":36}},{"start":{"line":47,"column":6},"end":{"line":48,"column":26}},{"start":{"line":49,"column":6},"end":{"line":50,"column":39}},{"start":{"line":51,"column":6},"end":{"line":52,"column":39}}]},"2":{"loc":{"start":{"line":8,"column":17},"end":{"line":8,"column":49}},"type":"cond-expr","locations":[{"start":{"line":8,"column":25},"end":{"line":8,"column":44}},{"start":{"line":8,"column":47},"end":{"line":8,"column":49}}]},"3":{"loc":{"start":{"line":8,"column":25},"end":{"line":8,"column":44}},"type":"binary-expr","locations":[{"start":{"line":8,"column":25},"end":{"line":8,"column":38}},{"start":{"line":8,"column":42},"end":{"line":8,"column":44}}]},"4":{"loc":{"start":{"line":10,"column":16},"end":{"line":10,"column":44}},"type":"binary-expr","locations":[{"start":{"line":10,"column":16},"end":{"line":10,"column":20}},{"start":{"line":10,"column":24},"end":{"line":10,"column":44}}]},"5":{"loc":{"start":{"line":11,"column":19},"end":{"line":11,"column":53}},"type":"binary-expr","locations":[{"start":{"line":11,"column":19},"end":{"line":11,"column":26}},{"start":{"line":11,"column":30},"end":{"line":11,"column":53}}]}},"s":{"0":3,"1":3,"2":0,"3":0,"4":0,"5":1,"6":2,"7":0,"8":0,"9":0,"10":3,"11":3,"12":0,"13":0,"14":0,"15":1,"16":2,"17":0,"18":0,"19":0,"20":3,"21":3,"22":3,"23":3,"24":2},"f":{"0":3,"1":3,"2":3},"b":{"0":[0,0,0,1,2,0,0,0],"1":[0,0,0,1,2,0,0,0],"2":[3,0],"3":[3,2],"4":[3,3],"5":[3,3]}}
,"/Users/vitaliy/Documents/GitHub/Team-Managment/src/errors/AuthorizationError.ts": {"path":"/Users/vitaliy/Documents/GitHub/Team-Managment/src/errors/AuthorizationError.ts","statementMap":{"0":{"start":{"line":1,"column":0},"end":{"line":1,"column":38}},"1":{"start":{"line":5,"column":4},"end":{"line":5,"column":40}},"2":{"start":{"line":6,"column":4},"end":{"line":6,"column":29}},"3":{"start":{"line":3,"column":0},"end":{"line":3,"column":13}}},"fnMap":{"0":{"name":"(anonymous_0)","decl":{"start":{"line":4,"column":2},"end":{"line":4,"column":14}},"loc":{"start":{"line":4,"column":73},"end":{"line":7,"column":3}}}},"branchMap":{},"s":{"0":2,"1":1,"2":1,"3":2},"f":{"0":1},"b":{}}
,"/Users/vitaliy/Documents/GitHub/Team-Managment/src/errors/ValidatorError.ts": {"path":"/Users/vitaliy/Documents/GitHub/Team-Managment/src/errors/ValidatorError.ts","statementMap":{"0":{"start":{"line":1,"column":0},"end":{"line":1,"column":38}},"1":{"start":{"line":5,"column":4},"end":{"line":5,"column":40}},"2":{"start":{"line":6,"column":4},"end":{"line":6,"column":23}},"3":{"start":{"line":3,"column":0},"end":{"line":3,"column":13}}},"fnMap":{"0":{"name":"(anonymous_0)","decl":{"start":{"line":4,"column":2},"end":{"line":4,"column":14}},"loc":{"start":{"line":4,"column":73},"end":{"line":7,"column":3}}}},"branchMap":{},"s":{"0":2,"1":2,"2":2,"3":2},"f":{"0":2},"b":{}}
,"/Users/vitaliy/Documents/GitHub/Team-Managment/src/middlewares/authorize.ts": {"path":"/Users/vitaliy/Documents/GitHub/Team-Managment/src/middlewares/authorize.ts","statementMap":{"0":{"start":{"line":1,"column":0},"end":{"line":1,"column":43}},"1":{"start":{"line":3,"column":0},"end":{"line":3,"column":38}},"2":{"start":{"line":4,"column":0},"end":{"line":4,"column":66}},"3":{"start":{"line":6,"column":0},"end":{"line":6,"column":39}},"4":{"start":{"line":7,"column":0},"end":{"line":7,"column":23}},"5":{"start":{"line":8,"column":0},"end":{"line":8,"column":53}},"6":{"start":{"line":11,"column":2},"end":{"line":38,"column":3}},"7":{"start":{"line":11,"column":8},"end":{"line":38,"column":3}},"8":{"start":{"line":12,"column":4},"end":{"line":37,"column":null}},"9":{"start":{"line":13,"column":6},"end":{"line":15,"column":null}},"10":{"start":{"line":14,"column":8},"end":{"line":14,"column":37}},"11":{"start":{"line":17,"column":20},"end":{"line":17,"column":65}},"12":{"start":{"line":19,"column":6},"end":{"line":21,"column":null}},"13":{"start":{"line":20,"column":8},"end":{"line":20,"column":37}},"14":{"start":{"line":23,"column":6},"end":{"line":23,"column":53}},"15":{"start":{"line":23,"column":35},"end":{"line":23,"column":53}},"16":{"start":{"line":25,"column":32},"end":{"line":25,"column":54}},"17":{"start":{"line":26,"column":27},"end":{"line":26,"column":55}},"18":{"start":{"line":27,"column":19},"end":{"line":29,"column":8}},"19":{"start":{"line":31,"column":6},"end":{"line":31,"column":54}},"20":{"start":{"line":31,"column":17},"end":{"line":31,"column":54}},"21":{"start":{"line":32,"column":6},"end":{"line":32,"column":26}},"22":{"start":{"line":33,"column":6},"end":{"line":33,"column":13}},"23":{"start":{"line":35,"column":6},"end":{"line":35,"column":33}},"24":{"start":{"line":36,"column":6},"end":{"line":36,"column":67}},"25":{"start":{"line":10,"column":13},"end":{"line":10,"column":null}},"26":{"start":{"line":41,"column":2},"end":{"line":59,"column":3}},"27":{"start":{"line":42,"column":2},"end":{"line":59,"column":3}},"28":{"start":{"line":43,"column":4},"end":{"line":58,"column":null}},"29":{"start":{"line":44,"column":23},"end":{"line":44,"column":26}},"30":{"start":{"line":45,"column":26},"end":{"line":45,"column":37}},"31":{"start":{"line":46,"column":41},"end":{"line":51,"column":8}},"32":{"start":{"line":52,"column":6},"end":{"line":52,"column":35}},"33":{"start":{"line":52,"column":17},"end":{"line":52,"column":35}},"34":{"start":{"line":53,"column":6},"end":{"line":53,"column":27}},"35":{"start":{"line":54,"column":6},"end":{"line":54,"column":13}},"36":{"start":{"line":56,"column":6},"end":{"line":56,"column":33}},"37":{"start":{"line":57,"column":6},"end":{"line":57,"column":67}},"38":{"start":{"line":40,"column":13},"end":{"line":40,"column":null}}},"fnMap":{"0":{"name":"(anonymous_1)","decl":{"start":{"line":11,"column":2},"end":{"line":11,"column":5}},"loc":{"start":{"line":11,"column":8},"end":{"line":38,"column":3}}},"1":{"name":"(anonymous_2)","decl":{"start":{"line":11,"column":8},"end":{"line":11,"column":13}},"loc":{"start":{"line":11,"column":66},"end":{"line":38,"column":3}}},"2":{"name":"(anonymous_3)","decl":{"start":{"line":41,"column":2},"end":{"line":41,"column":3}},"loc":{"start":{"line":42,"column":2},"end":{"line":59,"column":3}}},"3":{"name":"(anonymous_4)","decl":{"start":{"line":42,"column":2},"end":{"line":42,"column":7}},"loc":{"start":{"line":42,"column":60},"end":{"line":59,"column":3}}}},"branchMap":{"0":{"loc":{"start":{"line":13,"column":6},"end":{"line":15,"column":null}},"type":"if","locations":[{"start":{"line":13,"column":6},"end":{"line":15,"column":null}}]},"1":{"loc":{"start":{"line":19,"column":6},"end":{"line":21,"column":null}},"type":"if","locations":[{"start":{"line":19,"column":6},"end":{"line":21,"column":null}}]},"2":{"loc":{"start":{"line":23,"column":6},"end":{"line":23,"column":53}},"type":"if","locations":[{"start":{"line":23,"column":6},"end":{"line":23,"column":53}}]},"3":{"loc":{"start":{"line":31,"column":6},"end":{"line":31,"column":54}},"type":"if","locations":[{"start":{"line":31,"column":6},"end":{"line":31,"column":54}}]},"4":{"loc":{"start":{"line":41,"column":3},"end":{"line":41,"column":31}},"type":"default-arg","locations":[{"start":{"line":41,"column":26},"end":{"line":41,"column":31}}]},"5":{"loc":{"start":{"line":52,"column":6},"end":{"line":52,"column":35}},"type":"if","locations":[{"start":{"line":52,"column":6},"end":{"line":52,"column":35}}]}},"s":{"0":2,"1":2,"2":2,"3":2,"4":2,"5":2,"6":2,"7":12,"8":1,"9":1,"10":0,"11":1,"12":1,"13":0,"14":1,"15":0,"16":1,"17":1,"18":0,"19":0,"20":0,"21":0,"22":0,"23":1,"24":1,"25":2,"26":2,"27":8,"28":0,"29":0,"30":0,"31":0,"32":0,"33":0,"34":0,"35":0,"36":0,"37":0,"38":2},"f":{"0":12,"1":1,"2":8,"3":0},"b":{"0":[0],"1":[0],"2":[0],"3":[0],"4":[0],"5":[0]}}
,"/Users/vitaliy/Documents/GitHub/Team-Managment/src/middlewares/validate.ts": {"path":"/Users/vitaliy/Documents/GitHub/Team-Managment/src/middlewares/validate.ts","statementMap":{"0":{"start":{"line":1,"column":0},"end":{"line":1,"column":53}},"1":{"start":{"line":4,"column":0},"end":{"line":4,"column":58}},"2":{"start":{"line":6,"column":24},"end":{"line":12,"column":1}},"3":{"start":{"line":7,"column":27},"end":{"line":7,"column":48}},"4":{"start":{"line":8,"column":2},"end":{"line":10,"column":null}},"5":{"start":{"line":9,"column":4},"end":{"line":9,"column":77}},"6":{"start":{"line":11,"column":2},"end":{"line":11,"column":9}},"7":{"start":{"line":6,"column":13},"end":{"line":6,"column":24}}},"fnMap":{"0":{"name":"(anonymous_0)","decl":{"start":{"line":6,"column":24},"end":{"line":6,"column":25}},"loc":{"start":{"line":6,"column":76},"end":{"line":12,"column":1}}}},"branchMap":{"0":{"loc":{"start":{"line":8,"column":2},"end":{"line":10,"column":null}},"type":"if","locations":[{"start":{"line":8,"column":2},"end":{"line":10,"column":null}}]},"1":{"loc":{"start":{"line":8,"column":6},"end":{"line":8,"column":48}},"type":"binary-expr","locations":[{"start":{"line":8,"column":6},"end":{"line":8,"column":17}},{"start":{"line":8,"column":21},"end":{"line":8,"column":48}}]}},"s":{"0":2,"1":2,"2":2,"3":8,"4":8,"5":2,"6":6,"7":2},"f":{"0":8},"b":{"0":[2],"1":[8,8]}}
,"/Users/vitaliy/Documents/GitHub/Team-Managment/src/models/Team.ts": {"path":"/Users/vitaliy/Documents/GitHub/Team-Managment/src/models/Team.ts","statementMap":{"0":{"start":{"line":1,"column":0},"end":{"line":1,"column":48}},"1":{"start":{"line":2,"column":0},"end":{"line":2,"column":39}},"2":{"start":{"line":15,"column":22},"end":{"line":27,"column":null}},"3":{"start":{"line":30,"column":19},"end":{"line":42,"column":null}},"4":{"start":{"line":45,"column":13},"end":{"line":45,"column":61}}},"fnMap":{},"branchMap":{},"s":{"0":2,"1":2,"2":2,"3":2,"4":2},"f":{},"b":{}}
,"/Users/vitaliy/Documents/GitHub/Team-Managment/src/models/User.ts": {"path":"/Users/vitaliy/Documents/GitHub/Team-Managment/src/models/User.ts","statementMap":{"0":{"start":{"line":1,"column":0},"end":{"line":1,"column":41}},"1":{"start":{"line":10,"column":19},"end":{"line":22,"column":null}},"2":{"start":{"line":25,"column":13},"end":{"line":25,"column":61}}},"fnMap":{},"branchMap":{},"s":{"0":2,"1":2,"2":2},"f":{},"b":{}}
,"/Users/vitaliy/Documents/GitHub/Team-Managment/src/routes/auth.ts": {"path":"/Users/vitaliy/Documents/GitHub/Team-Managment/src/routes/auth.ts","statementMap":{"0":{"start":{"line":1,"column":0},"end":{"line":1,"column":42}},"1":{"start":{"line":2,"column":0},"end":{"line":2,"column":59}},"2":{"start":{"line":3,"column":0},"end":{"line":3,"column":48}},"3":{"start":{"line":4,"column":0},"end":{"line":4,"column":51}},"4":{"start":{"line":5,"column":0},"end":{"line":5,"column":63}},"5":{"start":{"line":7,"column":27},"end":{"line":7,"column":43}},"6":{"start":{"line":23,"column":9},"end":{"line":23,"column":19}},"7":{"start":{"line":9,"column":0},"end":{"line":14,"column":2}},"8":{"start":{"line":16,"column":0},"end":{"line":21,"column":2}}},"fnMap":{},"branchMap":{},"s":{"0":2,"1":2,"2":2,"3":2,"4":2,"5":2,"6":2,"7":2,"8":2},"f":{},"b":{}}
,"/Users/vitaliy/Documents/GitHub/Team-Managment/src/routes/team.ts": {"path":"/Users/vitaliy/Documents/GitHub/Team-Managment/src/routes/team.ts","statementMap":{"0":{"start":{"line":1,"column":0},"end":{"line":1,"column":42}},"1":{"start":{"line":2,"column":0},"end":{"line":2,"column":59}},"2":{"start":{"line":3,"column":0},"end":{"line":3,"column":48}},"3":{"start":{"line":4,"column":0},"end":{"line":4,"column":51}},"4":{"start":{"line":5,"column":0},"end":{"line":5,"column":68}},"5":{"start":{"line":6,"column":0},"end":{"line":6,"column":64}},"6":{"start":{"line":8,"column":27},"end":{"line":8,"column":43}},"7":{"start":{"line":54,"column":9},"end":{"line":54,"column":19}},"8":{"start":{"line":10,"column":0},"end":{"line":10,"column":58}},"9":{"start":{"line":12,"column":0},"end":{"line":18,"column":2}},"10":{"start":{"line":20,"column":0},"end":{"line":27,"column":2}},"11":{"start":{"line":29,"column":0},"end":{"line":36,"column":2}},"12":{"start":{"line":38,"column":0},"end":{"line":43,"column":2}},"13":{"start":{"line":45,"column":0},"end":{"line":52,"column":2}}},"fnMap":{},"branchMap":{},"s":{"0":2,"1":2,"2":2,"3":2,"4":2,"5":2,"6":2,"7":2,"8":2,"9":2,"10":2,"11":2,"12":2,"13":2},"f":{},"b":{}}
,"/Users/vitaliy/Documents/GitHub/Team-Managment/src/routes/validationSchemas/authSchemas.ts": {"path":"/Users/vitaliy/Documents/GitHub/Team-Managment/src/routes/validationSchemas/authSchemas.ts","statementMap":{"0":{"start":{"line":3,"column":13},"end":{"line":15,"column":2}},"1":{"start":{"line":17,"column":13},"end":{"line":28,"column":2}}},"fnMap":{},"branchMap":{},"s":{"0":2,"1":2},"f":{},"b":{}}
,"/Users/vitaliy/Documents/GitHub/Team-Managment/src/routes/validationSchemas/teamSchemas.ts": {"path":"/Users/vitaliy/Documents/GitHub/Team-Managment/src/routes/validationSchemas/teamSchemas.ts","statementMap":{"0":{"start":{"line":4,"column":13},"end":{"line":11,"column":2}},"1":{"start":{"line":13,"column":13},"end":{"line":19,"column":2}},"2":{"start":{"line":21,"column":13},"end":{"line":27,"column":2}}},"fnMap":{},"branchMap":{},"s":{"0":2,"1":2,"2":2},"f":{},"b":{}}
,"/Users/vitaliy/Documents/GitHub/Team-Managment/src/utils/catchAsync.ts": {"path":"/Users/vitaliy/Documents/GitHub/Team-Managment/src/utils/catchAsync.ts","statementMap":{"0":{"start":{"line":3,"column":26},"end":{"line":7,"column":1}},"1":{"start":{"line":4,"column":2},"end":{"line":6,"column":4}},"2":{"start":{"line":5,"column":4},"end":{"line":5,"column":35}},"3":{"start":{"line":3,"column":13},"end":{"line":3,"column":26}}},"fnMap":{"0":{"name":"(anonymous_0)","decl":{"start":{"line":3,"column":26},"end":{"line":3,"column":27}},"loc":{"start":{"line":3,"column":43},"end":{"line":7,"column":1}}},"1":{"name":"(anonymous_1)","decl":{"start":{"line":4,"column":9},"end":{"line":4,"column":10}},"loc":{"start":{"line":4,"column":61},"end":{"line":6,"column":3}}}},"branchMap":{},"s":{"0":2,"1":16,"2":6,"3":2},"f":{"0":16,"1":6},"b":{}}
}
