TN:
SF:src/app.ts
FN:22,(anonymous_1)
FN:28,(anonymous_2)
FNF:2
FNH:0
FNDA:0,(anonymous_1)
FNDA:0,(anonymous_2)
DA:1,2
DA:2,2
DA:3,2
DA:4,2
DA:6,2
DA:7,2
DA:9,2
DA:10,2
DA:12,2
DA:15,2
DA:16,2
DA:18,2
DA:19,2
DA:22,2
DA:23,0
DA:25,2
DA:27,2
DA:28,0
DA:29,0
DA:33,2
LF:20
LH:17
BRDA:10,0,0,2
BRDA:10,0,1,0
BRDA:23,1,0,0
BRDA:23,1,1,0
BRDA:23,2,0,0
BRDA:23,2,1,0
BRDA:27,3,0,0
BRF:7
BRH:1
end_of_record
TN:
SF:src/constants/Roles.ts
FNF:0
FNH:0
DA:1,2
LF:1
LH:1
BRF:0
BRH:0
end_of_record
TN:
SF:src/controllers/authControler.ts
FN:11,(anonymous_7)
FN:36,(anonymous_8)
FNF:2
FNH:2
FNDA:6,(anonymous_7)
FNDA:4,(anonymous_8)
DA:2,2
DA:3,2
DA:4,2
DA:5,2
DA:6,2
DA:7,2
DA:8,2
DA:10,2
DA:12,6
DA:13,6
DA:14,6
DA:15,6
DA:18,6
DA:19,1
DA:26,5
DA:31,5
DA:35,2
DA:37,4
DA:39,4
DA:40,4
DA:41,4
DA:43,0
DA:46,4
DA:47,1
DA:51,3
DA:56,3
DA:57,0
DA:61,3
DA:62,3
DA:63,3
DA:67,3
LF:31
LH:29
BRDA:18,0,0,1
BRDA:40,1,0,4
BRDA:40,1,1,0
BRDA:46,2,0,1
BRDA:56,3,0,0
BRF:5
BRH:3
end_of_record
TN:
SF:src/controllers/teamController.ts
FN:8,(anonymous_0)
FN:18,(anonymous_1)
FN:32,(anonymous_2)
FN:37,(anonymous_3)
FN:46,(anonymous_4)
FN:60,(anonymous_5)
FN:90,(anonymous_6)
FN:100,(anonymous_7)
FN:103,(anonymous_8)
FNF:9
FNH:2
FNDA:0,(anonymous_0)
FNDA:2,(anonymous_1)
FNDA:0,(anonymous_2)
FNDA:0,(anonymous_3)
FNDA:0,(anonymous_4)
FNDA:0,(anonymous_5)
FNDA:1,(anonymous_6)
FNDA:0,(anonymous_7)
FNDA:0,(anonymous_8)
DA:2,2
DA:3,2
DA:4,2
DA:5,2
DA:7,2
DA:9,0
DA:10,0
DA:13,0
DA:17,2
DA:19,2
DA:20,2
DA:22,2
DA:27,2
DA:31,2
DA:33,0
DA:35,0
DA:36,0
DA:37,0
DA:38,0
DA:40,0
DA:42,0
DA:43,0
DA:44,0
DA:46,0
DA:48,0
DA:49,0
DA:51,0
DA:53,0
DA:59,2
DA:61,0
DA:62,0
DA:64,0
DA:65,0
DA:69,0
DA:70,0
DA:71,0
DA:72,0
DA:73,0
DA:74,0
DA:77,0
DA:78,0
DA:82,0
DA:83,0
DA:89,2
DA:91,1
DA:92,1
DA:93,1
DA:99,2
DA:101,0
DA:102,0
DA:103,0
DA:105,0
DA:106,0
DA:109,0
DA:110,0
DA:111,0
LF:56
LH:17
BRDA:36,0,0,0
BRDA:36,0,1,0
BRDA:44,1,0,0
BRDA:45,2,0,0
BRDA:45,2,1,0
BRDA:64,3,0,0
BRDA:71,4,0,0
BRDA:77,5,0,0
BRDA:105,6,0,0
BRF:9
BRH:0
end_of_record
TN:
SF:src/errors/ApiError.ts
FN:7,(anonymous_0)
FN:14,(anonymous_1)
FN:35,(anonymous_2)
FNF:3
FNH:3
FNDA:5,(anonymous_0)
FNDA:5,(anonymous_1)
FNDA:5,(anonymous_2)
DA:1,2
DA:8,5
DA:9,5
DA:10,5
DA:11,5
DA:14,5
DA:15,5
DA:17,0
DA:19,0
DA:21,1
DA:23,1
DA:25,2
DA:27,1
DA:29,0
DA:31,0
DA:35,5
DA:36,5
DA:38,0
DA:40,0
DA:42,1
DA:44,1
DA:46,2
DA:48,1
DA:50,0
DA:52,0
LF:25
LH:17
BRDA:15,0,0,0
BRDA:15,0,1,0
BRDA:15,0,2,1
BRDA:15,0,3,1
BRDA:15,0,4,2
BRDA:15,0,5,1
BRDA:15,0,6,0
BRDA:15,0,7,0
BRDA:36,1,0,0
BRDA:36,1,1,0
BRDA:36,1,2,1
BRDA:36,1,3,1
BRDA:36,1,4,2
BRDA:36,1,5,1
BRDA:36,1,6,0
BRDA:36,1,7,0
BRDA:8,2,0,5
BRDA:8,2,1,0
BRDA:8,3,0,5
BRDA:8,3,1,2
BRDA:10,4,0,5
BRDA:10,4,1,5
BRDA:11,5,0,5
BRDA:11,5,1,5
BRF:24
BRH:15
end_of_record
TN:
SF:src/errors/AuthorizationError.ts
FN:4,(anonymous_0)
FNF:1
FNH:1
FNDA:1,(anonymous_0)
DA:1,2
DA:3,2
DA:5,1
DA:6,1
LF:4
LH:4
BRF:0
BRH:0
end_of_record
TN:
SF:src/errors/ValidatorError.ts
FN:4,(anonymous_0)
FNF:1
FNH:1
FNDA:2,(anonymous_0)
DA:1,2
DA:3,2
DA:5,2
DA:6,2
LF:4
LH:4
BRF:0
BRH:0
end_of_record
TN:
SF:src/middlewares/authorize.ts
FN:11,(anonymous_1)
FN:11,(anonymous_2)
FN:41,(anonymous_3)
FN:42,(anonymous_4)
FNF:4
FNH:4
FNDA:12,(anonymous_1)
FNDA:4,(anonymous_2)
FNDA:8,(anonymous_3)
FNDA:1,(anonymous_4)
DA:1,2
DA:3,2
DA:4,2
DA:6,2
DA:7,2
DA:8,2
DA:10,2
DA:11,12
DA:12,4
DA:13,4
DA:14,0
DA:17,4
DA:19,4
DA:20,0
DA:23,4
DA:25,4
DA:26,4
DA:27,3
DA:31,3
DA:32,3
DA:33,3
DA:35,1
DA:36,1
DA:40,2
DA:41,2
DA:42,8
DA:43,1
DA:44,1
DA:45,1
DA:46,1
DA:52,1
DA:53,1
DA:54,1
DA:56,0
DA:57,0
LF:35
LH:31
BRDA:13,0,0,0
BRDA:19,1,0,0
BRDA:23,2,0,0
BRDA:31,3,0,0
BRDA:41,4,0,0
BRDA:52,5,0,0
BRF:6
BRH:0
end_of_record
TN:
SF:src/middlewares/validate.ts
FN:6,(anonymous_0)
FNF:1
FNH:1
FNDA:14,(anonymous_0)
DA:1,2
DA:4,2
DA:6,2
DA:7,14
DA:8,14
DA:9,2
DA:11,12
LF:7
LH:7
BRDA:8,0,0,2
BRDA:8,1,0,14
BRDA:8,1,1,14
BRF:3
BRH:3
end_of_record
TN:
SF:src/models/Team.ts
FNF:0
FNH:0
DA:1,2
DA:2,2
DA:15,2
DA:30,2
DA:45,2
LF:5
LH:5
BRF:0
BRH:0
end_of_record
TN:
SF:src/models/User.ts
FNF:0
FNH:0
DA:1,2
DA:10,2
DA:25,2
LF:3
LH:3
BRF:0
BRH:0
end_of_record
TN:
SF:src/routes/auth.ts
FNF:0
FNH:0
DA:1,2
DA:2,2
DA:3,2
DA:4,2
DA:5,2
DA:7,2
DA:9,2
DA:16,2
DA:23,2
LF:9
LH:9
BRF:0
BRH:0
end_of_record
TN:
SF:src/routes/team.ts
FNF:0
FNH:0
DA:1,2
DA:2,2
DA:3,2
DA:4,2
DA:5,2
DA:6,2
DA:8,2
DA:10,2
DA:12,2
DA:20,2
DA:29,2
DA:38,2
DA:45,2
DA:54,2
LF:14
LH:14
BRF:0
BRH:0
end_of_record
TN:
SF:src/routes/validationSchemas/authSchemas.ts
FNF:0
FNH:0
DA:3,2
DA:17,2
LF:2
LH:2
BRF:0
BRH:0
end_of_record
TN:
SF:src/routes/validationSchemas/teamSchemas.ts
FNF:0
FNH:0
DA:4,2
DA:13,2
DA:21,2
LF:3
LH:3
BRF:0
BRH:0
end_of_record
TN:
SF:src/utils/catchAsync.ts
FN:3,(anonymous_0)
FN:4,(anonymous_1)
FNF:2
FNH:2
FNDA:16,(anonymous_0)
FNDA:13,(anonymous_1)
DA:3,2
DA:4,16
DA:5,13
LF:3
LH:3
BRF:0
BRH:0
end_of_record
